<?xml version='1.0' encoding='UTF-8'?>
<testsuite hostname="XMS-5" name="actorbintree.BinaryTreeSuite" tests="3" errors="0" failures="3" skipped="0" time="5.029" timestamp="2020-01-09T09:50:58">
                     <properties>
[...]
</properties>
                     <testcase classname="actorbintree.BinaryTreeSuite" name="instruction example (5pts)" time="5.029">
                                                 <failure message="java.lang.RuntimeException: failure to receive confirmation 5/6
Requests:
    Insert(Actor[akka://BinaryTreeSuite/system/testProbe-2#-674898906],100,1)
     Contains(Actor[akka://BinaryTreeSuite/system/testProbe-2#-674898906],50,2)
     Remove(Actor[akka://BinaryTreeSuite/system/testProbe-2#-674898906],10,1)
     Insert(Actor[akka://BinaryTreeSuite/system/testProbe-2#-674898906],20,2)
     Contains(Actor[akka://BinaryTreeSuite/system/testProbe-2#-674898906],80,1)
     Contains(Actor[akka://BinaryTreeSuite/system/testProbe-2#-674898906],70,2)
java.lang.AssertionError: assertion failed: timeout (4987881208 nanoseconds) during expectMsgClass waiting for interface actorbintree.BinaryTreeSet$OperationReply" type="sbt.ForkMain$ForkError">sbt.ForkMain$ForkError: java.lang.RuntimeException: failure to receive confirmation 5/6
Requests:
    Insert(Actor[akka://BinaryTreeSuite/system/testProbe-2#-674898906],100,1)
     Contains(Actor[akka://BinaryTreeSuite/system/testProbe-2#-674898906],50,2)
     Remove(Actor[akka://BinaryTreeSuite/system/testProbe-2#-674898906],10,1)
     Insert(Actor[akka://BinaryTreeSuite/system/testProbe-2#-674898906],20,2)
     Contains(Actor[akka://BinaryTreeSuite/system/testProbe-2#-674898906],80,1)
     Contains(Actor[akka://BinaryTreeSuite/system/testProbe-2#-674898906],70,2)
java.lang.AssertionError: assertion failed: timeout (4987881208 nanoseconds) during expectMsgClass waiting for interface actorbintree.BinaryTreeSet$OperationReply
	at scala.sys.package$.error(package.scala:27)
	at actorbintree.BinaryTreeSuite.$anonfun$receiveN$2(BinaryTreeSuite.scala:24)
	at actorbintree.BinaryTreeSuite.$anonfun$receiveN$2$adapted(BinaryTreeSuite.scala:20)
	at scala.collection.immutable.Range.map(Range.scala:59)
	at actorbintree.BinaryTreeSuite.$anonfun$receiveN$1(BinaryTreeSuite.scala:20)
	at scala.runtime.java8.JFunction0$mcV$sp.apply(JFunction0$mcV$sp.scala:18)
	at akka.testkit.TestKitBase.within(TestKit.scala:375)
	at akka.testkit.TestKitBase.within$(TestKit.scala:363)
	at akka.testkit.TestKit.within(TestKit.scala:928)
	at akka.testkit.TestKitBase.within(TestKit.scala:390)
	at akka.testkit.TestKitBase.within$(TestKit.scala:390)
	at akka.testkit.TestKit.within(TestKit.scala:928)
	at actorbintree.BinaryTreeSuite.receiveN(BinaryTreeSuite.scala:19)
	at actorbintree.BinaryTreeSuite.verify(BinaryTreeSuite.scala:40)
	at actorbintree.BinaryTreeSuite.instruction$u0020example$u0020$u00285pts$u0029(BinaryTreeSuite.scala:79)
	at java.base/jdk.internal.reflect.NativeMethodAccessorImpl.invoke0(Native Method)
	at java.base/jdk.internal.reflect.NativeMethodAccessorImpl.invoke(NativeMethodAccessorImpl.java:62)
	at java.base/jdk.internal.reflect.DelegatingMethodAccessorImpl.invoke(DelegatingMethodAccessorImpl.java:43)
	at java.base/java.lang.reflect.Method.invoke(Method.java:566)
	at org.junit.runners.model.FrameworkMethod$1.runReflectiveCall(FrameworkMethod.java:47)
	at org.junit.internal.runners.model.ReflectiveCallable.run(ReflectiveCallable.java:12)
	at org.junit.runners.model.FrameworkMethod.invokeExplosively(FrameworkMethod.java:44)
	at org.junit.internal.runners.statements.InvokeMethod.evaluate(InvokeMethod.java:17)
	at org.junit.runners.ParentRunner.runLeaf(ParentRunner.java:271)
	at org.junit.runners.BlockJUnit4ClassRunner.runChild(BlockJUnit4ClassRunner.java:70)
	at org.junit.runners.BlockJUnit4ClassRunner.runChild(BlockJUnit4ClassRunner.java:50)
	at org.junit.runners.ParentRunner$3.run(ParentRunner.java:238)
	at org.junit.runners.ParentRunner$1.schedule(ParentRunner.java:63)
	at org.junit.runners.ParentRunner.runChildren(ParentRunner.java:236)
	at org.junit.runners.ParentRunner.access$000(ParentRunner.java:53)
	at org.junit.runners.ParentRunner$2.evaluate(ParentRunner.java:229)
	at org.junit.runners.ParentRunner.run(ParentRunner.java:309)
	at org.junit.runners.Suite.runChild(Suite.java:127)
	at org.junit.runners.Suite.runChild(Suite.java:26)
	at org.junit.runners.ParentRunner$3.run(ParentRunner.java:238)
	at org.junit.runners.ParentRunner$1.schedule(ParentRunner.java:63)
	at org.junit.runners.ParentRunner.runChildren(ParentRunner.java:236)
	at org.junit.runners.ParentRunner.access$000(ParentRunner.java:53)
	at org.junit.runners.ParentRunner$2.evaluate(ParentRunner.java:229)
	at org.junit.runners.ParentRunner.run(ParentRunner.java:309)
	at org.junit.runner.JUnitCore.run(JUnitCore.java:160)
	at org.junit.runner.JUnitCore.run(JUnitCore.java:138)
	at com.novocode.junit.JUnitRunner$1.execute(JUnitRunner.java:132)
	at sbt.ForkMain$Run.lambda$runTest$1(ForkMain.java:304)
	at java.base/java.util.concurrent.FutureTask.run(FutureTask.java:264)
	at java.base/java.util.concurrent.ThreadPoolExecutor.runWorker(ThreadPoolExecutor.java:1128)
	at java.base/java.util.concurrent.ThreadPoolExecutor$Worker.run(ThreadPoolExecutor.java:628)
	at java.base/java.lang.Thread.run(Thread.java:834)
</failure>
                                               </testcase><testcase classname="actorbintree.BinaryTreeSuite" name="proper inserts and lookups (5pts)" time="0.0">
                                                 <failure message="akka.remote.RemoteTransportException: Failed to bind TCP to [10.10.10.120:25520] due to: Bind failed because of java.net.BindException: Address already in use" type="sbt.ForkMain$ForkError">sbt.ForkMain$ForkError: akka.remote.RemoteTransportException: Failed to bind TCP to [10.10.10.120:25520] due to: Bind failed because of java.net.BindException: Address already in use
	at akka.remote.artery.tcp.ArteryTcpTransport$$anonfun$3.applyOrElse(ArteryTcpTransport.scala:250)
	at akka.remote.artery.tcp.ArteryTcpTransport$$anonfun$3.applyOrElse(ArteryTcpTransport.scala:244)
	at scala.concurrent.impl.Promise$Transformation.run(Promise.scala:453)
	at akka.dispatch.BatchingExecutor$AbstractBatch.processBatch(BatchingExecutor.scala:55)
	at akka.dispatch.BatchingExecutor$Batch.run(BatchingExecutor.scala:73)
	at akka.dispatch.ExecutionContexts$sameThreadExecutionContext$.unbatchedExecute(Future.scala:85)
	at akka.dispatch.BatchingExecutor.execute(BatchingExecutor.scala:122)
	at akka.dispatch.BatchingExecutor.execute$(BatchingExecutor.scala:116)
	at akka.dispatch.ExecutionContexts$sameThreadExecutionContext$.execute(Future.scala:84)
	at scala.concurrent.impl.Promise$Transformation.submitWithValue(Promise.scala:392)
	at scala.concurrent.impl.Promise$DefaultPromise.submitWithValue(Promise.scala:302)
	at scala.concurrent.impl.Promise$DefaultPromise.tryComplete0(Promise.scala:249)
	at scala.concurrent.impl.Promise$DefaultPromise.tryComplete(Promise.scala:242)
	at scala.concurrent.Promise.complete(Promise.scala:57)
	at scala.concurrent.Promise.complete$(Promise.scala:56)
	at scala.concurrent.impl.Promise$DefaultPromise.complete(Promise.scala:104)
	at scala.concurrent.Promise.failure(Promise.scala:109)
	at scala.concurrent.Promise.failure$(Promise.scala:109)
	at scala.concurrent.impl.Promise$DefaultPromise.failure(Promise.scala:104)
	at akka.stream.impl.io.ConnectionSourceStage$$anon$1.receive(TcpStages.scala:96)
	at akka.stream.impl.io.ConnectionSourceStage$$anon$1.$anonfun$preStart$1(TcpStages.scala:67)
	at akka.stream.impl.io.ConnectionSourceStage$$anon$1.$anonfun$preStart$1$adapted(TcpStages.scala:67)
	at akka.stream.stage.GraphStageLogic$StageActor.internalReceive(GraphStage.scala:243)
	at akka.stream.stage.GraphStageLogic$StageActor.$anonfun$callback$1(GraphStage.scala:202)
	at akka.stream.stage.GraphStageLogic$StageActor.$anonfun$callback$1$adapted(GraphStage.scala:202)
	at akka.stream.impl.fusing.GraphInterpreter.runAsyncInput(GraphInterpreter.scala:466)
	at akka.stream.impl.fusing.GraphInterpreterShell$AsyncInput.execute(ActorGraphInterpreter.scala:497)
	at akka.stream.impl.fusing.GraphInterpreterShell.processEvent(ActorGraphInterpreter.scala:599)
	at akka.stream.impl.fusing.ActorGraphInterpreter.akka$stream$impl$fusing$ActorGraphInterpreter$$processEvent(ActorGraphInterpreter.scala:768)
	at akka.stream.impl.fusing.ActorGraphInterpreter$$anonfun$receive$1.applyOrElse(ActorGraphInterpreter.scala:783)
	at akka.actor.Actor.aroundReceive(Actor.scala:532)
	at akka.actor.Actor.aroundReceive$(Actor.scala:530)
	at akka.stream.impl.fusing.ActorGraphInterpreter.aroundReceive(ActorGraphInterpreter.scala:690)
	at akka.actor.ActorCell.receiveMessage(ActorCell.scala:573)
	at akka.actor.ActorCell.invoke(ActorCell.scala:543)
	at akka.dispatch.Mailbox.processMailbox(Mailbox.scala:269)
	at akka.dispatch.Mailbox.run(Mailbox.scala:230)
	at akka.dispatch.Mailbox.exec(Mailbox.scala:242)
	at java.base/java.util.concurrent.ForkJoinTask.doExec(ForkJoinTask.java:290)
	at java.base/java.util.concurrent.ForkJoinPool$WorkQueue.topLevelExec(ForkJoinPool.java:1020)
	at java.base/java.util.concurrent.ForkJoinPool.scan(ForkJoinPool.java:1656)
	at java.base/java.util.concurrent.ForkJoinPool.runWorker(ForkJoinPool.java:1594)
	at java.base/java.util.concurrent.ForkJoinWorkerThread.run(ForkJoinWorkerThread.java:177)
Caused by: sbt.ForkMain$ForkError: akka.stream.impl.io.ConnectionSourceStage$$anon$1$$anon$2: Bind failed because of java.net.BindException: Address already in use
Caused by: sbt.ForkMain$ForkError: java.net.BindException: Address already in use
	at java.base/sun.nio.ch.Net.bind0(Native Method)
	at java.base/sun.nio.ch.Net.bind(Net.java:455)
	at java.base/sun.nio.ch.Net.bind(Net.java:447)
	at java.base/sun.nio.ch.ServerSocketChannelImpl.bind(ServerSocketChannelImpl.java:227)
	at java.base/sun.nio.ch.ServerSocketAdaptor.bind(ServerSocketAdaptor.java:80)
	at akka.io.TcpListener.liftedTree1$1(TcpListener.scala:59)
	at akka.io.TcpListener.&lt;init&gt;(TcpListener.scala:56)
	at java.base/jdk.internal.reflect.NativeConstructorAccessorImpl.newInstance0(Native Method)
	at java.base/jdk.internal.reflect.NativeConstructorAccessorImpl.newInstance(NativeConstructorAccessorImpl.java:62)
	at java.base/jdk.internal.reflect.DelegatingConstructorAccessorImpl.newInstance(DelegatingConstructorAccessorImpl.java:45)
	at java.base/java.lang.reflect.Constructor.newInstance(Constructor.java:490)
	at akka.util.Reflect$.instantiate(Reflect.scala:69)
	at akka.actor.ArgsReflectConstructor.produce(IndirectActorProducer.scala:100)
	at akka.actor.Props.newActor(Props.scala:226)
	at akka.actor.ActorCell.newActor(ActorCell.scala:609)
	at akka.actor.ActorCell.create(ActorCell.scala:635)
	at akka.actor.ActorCell.invokeAll$1(ActorCell.scala:509)
	at akka.actor.ActorCell.systemInvoke(ActorCell.scala:531)
	at akka.dispatch.Mailbox.processAllSystemMessages(Mailbox.scala:294)
	at akka.dispatch.Mailbox.run(Mailbox.scala:229)
	at akka.dispatch.Mailbox.exec(Mailbox.scala:242)
	at java.base/java.util.concurrent.ForkJoinTask.doExec(ForkJoinTask.java:290)
	at java.base/java.util.concurrent.ForkJoinPool$WorkQueue.topLevelExec(ForkJoinPool.java:1020)
	at java.base/java.util.concurrent.ForkJoinPool.scan(ForkJoinPool.java:1656)
	at java.base/java.util.concurrent.ForkJoinPool.runWorker(ForkJoinPool.java:1594)
	at java.base/java.util.concurrent.ForkJoinWorkerThread.run(ForkJoinWorkerThread.java:177)
</failure>
                                               </testcase><testcase classname="actorbintree.BinaryTreeSuite" name="behave identically to built-in set (includes GC) (40pts)" time="0.0">
                                                 <failure message="akka.remote.RemoteTransportException: Failed to bind TCP to [10.10.10.120:25520] due to: Bind failed because of java.net.BindException: Address already in use" type="sbt.ForkMain$ForkError">sbt.ForkMain$ForkError: akka.remote.RemoteTransportException: Failed to bind TCP to [10.10.10.120:25520] due to: Bind failed because of java.net.BindException: Address already in use
	at akka.remote.artery.tcp.ArteryTcpTransport$$anonfun$3.applyOrElse(ArteryTcpTransport.scala:250)
	at akka.remote.artery.tcp.ArteryTcpTransport$$anonfun$3.applyOrElse(ArteryTcpTransport.scala:244)
	at scala.concurrent.impl.Promise$Transformation.run(Promise.scala:453)
	at akka.dispatch.BatchingExecutor$AbstractBatch.processBatch(BatchingExecutor.scala:55)
	at akka.dispatch.BatchingExecutor$Batch.run(BatchingExecutor.scala:73)
	at akka.dispatch.ExecutionContexts$sameThreadExecutionContext$.unbatchedExecute(Future.scala:85)
	at akka.dispatch.BatchingExecutor.execute(BatchingExecutor.scala:122)
	at akka.dispatch.BatchingExecutor.execute$(BatchingExecutor.scala:116)
	at akka.dispatch.ExecutionContexts$sameThreadExecutionContext$.execute(Future.scala:84)
	at scala.concurrent.impl.Promise$Transformation.submitWithValue(Promise.scala:392)
	at scala.concurrent.impl.Promise$DefaultPromise.submitWithValue(Promise.scala:302)
	at scala.concurrent.impl.Promise$DefaultPromise.tryComplete0(Promise.scala:249)
	at scala.concurrent.impl.Promise$DefaultPromise.tryComplete(Promise.scala:242)
	at scala.concurrent.Promise.complete(Promise.scala:57)
	at scala.concurrent.Promise.complete$(Promise.scala:56)
	at scala.concurrent.impl.Promise$DefaultPromise.complete(Promise.scala:104)
	at scala.concurrent.Promise.failure(Promise.scala:109)
	at scala.concurrent.Promise.failure$(Promise.scala:109)
	at scala.concurrent.impl.Promise$DefaultPromise.failure(Promise.scala:104)
	at akka.stream.impl.io.ConnectionSourceStage$$anon$1.receive(TcpStages.scala:96)
	at akka.stream.impl.io.ConnectionSourceStage$$anon$1.$anonfun$preStart$1(TcpStages.scala:67)
	at akka.stream.impl.io.ConnectionSourceStage$$anon$1.$anonfun$preStart$1$adapted(TcpStages.scala:67)
	at akka.stream.stage.GraphStageLogic$StageActor.internalReceive(GraphStage.scala:243)
	at akka.stream.stage.GraphStageLogic$StageActor.$anonfun$callback$1(GraphStage.scala:202)
	at akka.stream.stage.GraphStageLogic$StageActor.$anonfun$callback$1$adapted(GraphStage.scala:202)
	at akka.stream.impl.fusing.GraphInterpreter.runAsyncInput(GraphInterpreter.scala:466)
	at akka.stream.impl.fusing.GraphInterpreterShell$AsyncInput.execute(ActorGraphInterpreter.scala:497)
	at akka.stream.impl.fusing.GraphInterpreterShell.processEvent(ActorGraphInterpreter.scala:599)
	at akka.stream.impl.fusing.ActorGraphInterpreter.akka$stream$impl$fusing$ActorGraphInterpreter$$processEvent(ActorGraphInterpreter.scala:768)
	at akka.stream.impl.fusing.ActorGraphInterpreter$$anonfun$receive$1.applyOrElse(ActorGraphInterpreter.scala:783)
	at akka.actor.Actor.aroundReceive(Actor.scala:532)
	at akka.actor.Actor.aroundReceive$(Actor.scala:530)
	at akka.stream.impl.fusing.ActorGraphInterpreter.aroundReceive(ActorGraphInterpreter.scala:690)
	at akka.actor.ActorCell.receiveMessage(ActorCell.scala:573)
	at akka.actor.ActorCell.invoke(ActorCell.scala:543)
	at akka.dispatch.Mailbox.processMailbox(Mailbox.scala:269)
	at akka.dispatch.Mailbox.run(Mailbox.scala:230)
	at akka.dispatch.Mailbox.exec(Mailbox.scala:242)
	at java.base/java.util.concurrent.ForkJoinTask.doExec(ForkJoinTask.java:290)
	at java.base/java.util.concurrent.ForkJoinPool$WorkQueue.topLevelExec(ForkJoinPool.java:1020)
	at java.base/java.util.concurrent.ForkJoinPool.scan(ForkJoinPool.java:1656)
	at java.base/java.util.concurrent.ForkJoinPool.runWorker(ForkJoinPool.java:1594)
	at java.base/java.util.concurrent.ForkJoinWorkerThread.run(ForkJoinWorkerThread.java:177)
Caused by: sbt.ForkMain$ForkError: akka.stream.impl.io.ConnectionSourceStage$$anon$1$$anon$2: Bind failed because of java.net.BindException: Address already in use
Caused by: sbt.ForkMain$ForkError: java.net.BindException: Address already in use
	at java.base/sun.nio.ch.Net.bind0(Native Method)
	at java.base/sun.nio.ch.Net.bind(Net.java:455)
	at java.base/sun.nio.ch.Net.bind(Net.java:447)
	at java.base/sun.nio.ch.ServerSocketChannelImpl.bind(ServerSocketChannelImpl.java:227)
	at java.base/sun.nio.ch.ServerSocketAdaptor.bind(ServerSocketAdaptor.java:80)
	at akka.io.TcpListener.liftedTree1$1(TcpListener.scala:59)
	at akka.io.TcpListener.&lt;init&gt;(TcpListener.scala:56)
	at java.base/jdk.internal.reflect.NativeConstructorAccessorImpl.newInstance0(Native Method)
	at java.base/jdk.internal.reflect.NativeConstructorAccessorImpl.newInstance(NativeConstructorAccessorImpl.java:62)
	at java.base/jdk.internal.reflect.DelegatingConstructorAccessorImpl.newInstance(DelegatingConstructorAccessorImpl.java:45)
	at java.base/java.lang.reflect.Constructor.newInstance(Constructor.java:490)
	at akka.util.Reflect$.instantiate(Reflect.scala:69)
	at akka.actor.ArgsReflectConstructor.produce(IndirectActorProducer.scala:100)
	at akka.actor.Props.newActor(Props.scala:226)
	at akka.actor.ActorCell.newActor(ActorCell.scala:609)
	at akka.actor.ActorCell.create(ActorCell.scala:635)
	at akka.actor.ActorCell.invokeAll$1(ActorCell.scala:509)
	at akka.actor.ActorCell.systemInvoke(ActorCell.scala:531)
	at akka.dispatch.Mailbox.processAllSystemMessages(Mailbox.scala:294)
	at akka.dispatch.Mailbox.run(Mailbox.scala:229)
	at akka.dispatch.Mailbox.exec(Mailbox.scala:242)
	at java.base/java.util.concurrent.ForkJoinTask.doExec(ForkJoinTask.java:290)
	at java.base/java.util.concurrent.ForkJoinPool$WorkQueue.topLevelExec(ForkJoinPool.java:1020)
	at java.base/java.util.concurrent.ForkJoinPool.scan(ForkJoinPool.java:1656)
	at java.base/java.util.concurrent.ForkJoinPool.runWorker(ForkJoinPool.java:1594)
	at java.base/java.util.concurrent.ForkJoinWorkerThread.run(ForkJoinWorkerThread.java:177)
</failure>
                                               </testcase>
                     <system-out><![CDATA[]]></system-out>
                     <system-err><![CDATA[]]></system-err>
                   </testsuite>