<?xml version='1.0' encoding='UTF-8'?>
<testsuite hostname="XMS-5" name="example.ListsSuite" tests="9" errors="0" failures="0" skipped="0" time="0.109" timestamp="2019-12-25T12:52:22">
                     <properties>
[...]
</properties>
                     <testcase classname="example.ListsSuite" name="one plus one is three (0pts)?" time="0.07">
                                                 
                                               </testcase><testcase classname="example.ListsSuite" name="sum of a empty List should be 0" time="0.008">
                                                 
                                               </testcase><testcase classname="example.ListsSuite" name="max of a negative List" time="0.026">
                                                 
                                               </testcase><testcase classname="example.ListsSuite" name="max of a few numbers (10pts)" time="0.001">
                                                 
                                               </testcase><testcase classname="example.ListsSuite" name="intNotZero throws an exception if its argument is 0" time="0.0">
                                                 
                                               </testcase><testcase classname="example.ListsSuite" name="details why one plus one is not three (0pts)" time="0.001">
                                                 
                                               </testcase><testcase classname="example.ListsSuite" name="sum of a few numbers (10pts)" time="0.001">
                                                 
                                               </testcase><testcase classname="example.ListsSuite" name="one plus one is two (0pts)" time="0.001">
                                                 
                                               </testcase><testcase classname="example.ListsSuite" name="max of a Empty List returns a NoSuchElementExcemption" time="0.001">
                                                 
                                               </testcase>
                     <system-out><![CDATA[]]></system-out>
                     <system-err><![CDATA[]]></system-err>
                   </testsuite>